[01:26:39] [main/INFO]: Environment: authHost='https://authserver.mojang.com', accountsHost='https://api.mojang.com', sessionHost='https://sessionserver.mojang.com', servicesHost='https://api.minecraftservices.com', name='PROD'
[01:26:39] [main/WARN]: Ambiguity between arguments [teleport, location] and [teleport, destination] with inputs: [0.1 -0.5 .9, 0 0 0]
[01:26:39] [main/WARN]: Ambiguity between arguments [teleport, location] and [teleport, targets] with inputs: [0.1 -0.5 .9, 0 0 0]
[01:26:39] [main/WARN]: Ambiguity between arguments [teleport, destination] and [teleport, targets] with inputs: [Player, 0123, @e, dd12be42-52a9-4a91-a8a1-11c01849e498]
[01:26:39] [main/WARN]: Ambiguity between arguments [teleport, targets] and [teleport, destination] with inputs: [Player, 0123, dd12be42-52a9-4a91-a8a1-11c01849e498]
[01:26:39] [main/WARN]: Ambiguity between arguments [teleport, targets, location] and [teleport, targets, destination] with inputs: [0.1 -0.5 .9, 0 0 0]
[01:26:39] [main/INFO]: Reloading ResourceManager: Default
[01:26:40] [Worker-Main-6/INFO]: Loaded 7 recipes
[01:26:41] [Worker-Main-6/INFO]: Loaded 1137 advancements
[01:26:53] [Server thread/INFO]: Starting minecraft server version 1.17.1
[01:26:53] [Server thread/INFO]: Loading properties
[01:26:53] [Server thread/INFO]: Default game type: SURVIVAL
[01:26:53] [Server thread/INFO]: Generating keypair
[01:26:53] [Server thread/INFO]: Starting Minecraft server on *:25565
[01:26:53] [Server thread/INFO]: Using default channel type
[01:26:54] [Server thread/INFO]: Preparing level "world"
[01:26:54] [Server thread/INFO]: Preparing start region for dimension minecraft:overworld
[01:26:54] [Worker-Main-6/INFO]: Preparing spawn area: 0%
[01:26:54] [Worker-Main-5/INFO]: Preparing spawn area: 0%
[01:26:55] [Worker-Main-6/INFO]: Preparing spawn area: 0%
[01:26:59] [Worker-Main-5/INFO]: Preparing spawn area: 0%
[01:26:59] [Worker-Main-6/INFO]: Preparing spawn area: 0%
[01:26:59] [Worker-Main-4/INFO]: Preparing spawn area: 0%
[01:26:59] [Worker-Main-4/INFO]: Preparing spawn area: 0%
[01:26:59] [Worker-Main-5/INFO]: Preparing spawn area: 0%
[01:26:59] [Worker-Main-5/INFO]: Preparing spawn area: 0%
[01:26:59] [Worker-Main-6/INFO]: Preparing spawn area: 0%
[01:26:59] [Worker-Main-6/INFO]: Preparing spawn area: 0%
[01:26:59] [Worker-Main-5/INFO]: Preparing spawn area: 17%
[01:27:00] [Worker-Main-4/INFO]: Preparing spawn area: 34%
[01:27:01] [Worker-Main-4/INFO]: Preparing spawn area: 37%
[01:27:01] [Worker-Main-5/INFO]: Preparing spawn area: 68%
[01:27:01] [Worker-Main-5/INFO]: Preparing spawn area: 71%
[01:27:02] [Worker-Main-5/INFO]: Preparing spawn area: 83%
[01:27:02] [Worker-Main-6/INFO]: Preparing spawn area: 83%
[01:27:03] [Worker-Main-4/INFO]: Preparing spawn area: 85%
[01:27:04] [Worker-Main-6/INFO]: Preparing spawn area: 91%
[01:27:04] [Server thread/INFO]: Time elapsed: 10301 ms
[01:27:04] [Server thread/INFO]: Done (10.674s)! For help, type "help"
[01:27:19] [User Authenticator #1/INFO]: UUID of player arthymas is 5a28a12e-638c-4c09-9093-7c54b05435ac
[01:27:20] [Server thread/INFO]: arthymas[/127.0.0.1:65264] logged in with entity id 267 at (-19.311870253160805, 81.0, 7.947962381496903)
[01:27:20] [Server thread/INFO]: arthymas joined the game
[01:27:30] [User Authenticator #2/INFO]: UUID of player islanzadiy is f1601cf3-4df1-4cc7-8756-d699050e4b7a
[01:27:30] [Server thread/INFO]: islanzadiy[/26.2.202.253:58161] logged in with entity id 277 at (-23.858154268372555, 80.58230961125521, -0.699999988079071)
[01:27:30] [Server thread/INFO]: islanzadiy joined the game
[01:27:31] [User Authenticator #3/INFO]: UUID of player chooolz is f3f798a1-fc70-4c2b-b04a-278676d8ee9f
[01:27:31] [Server thread/INFO]: chooolz[/26.174.59.4:58584] logged in with entity id 288 at (-18.938998538408825, 82.0, 9.974235899763578)
[01:27:32] [Server thread/INFO]: chooolz joined the game
[01:28:10] [User Authenticator #4/INFO]: UUID of player Creamyspil is 6c79c9fc-5c57-4c4f-8320-9b3a47e11bfa
[01:28:10] [Server thread/INFO]: Creamyspil[/26.45.95.116:51516] logged in with entity id 364 at (-23.226184930453346, 80.0, 1.3120756821505835)
[01:28:10] [Server thread/INFO]: Creamyspil joined the game
[01:28:48] [Server thread/INFO]: <islanzadiy> t
[01:33:04] [Server thread/INFO]: [chooolz: Set the time to 1800]
[01:33:21] [Server thread/INFO]: Creamyspil was slain by arthymas
[01:35:14] [Server thread/INFO]: Creamyspil was slain by islanzadiy
[01:36:37] [Server thread/INFO]: arthymas fell from a high place
[01:37:17] [Server thread/INFO]: Creamyspil fell out of the world
[01:37:17] [Server thread/INFO]: [chooolz: Killed Creamyspil]
[01:37:57] [Server thread/INFO]: Creamyspil was slain by arthymas
[01:38:56] [Server thread/INFO]: islanzadiy hit the ground too hard
[01:40:03] [Server thread/INFO]: Creamyspil fell from a high place
[01:41:40] [Server thread/INFO]: islanzadiy has made the advancement [Stone Age]
[01:42:02] [Server thread/INFO]: Creamyspil was killed by Witch using magic
[01:42:55] [Server thread/INFO]: [chooolz: Set the time to 1800]
[01:43:07] [Server thread/INFO]: Creamyspil was killed by Witch using magic
[01:44:35] [Server thread/INFO]: Creamyspil has made the advancement [Stone Age]
[01:45:06] [Server thread/INFO]: arthymas has made the advancement [Stone Age]
[01:50:19] [Server thread/INFO]: Creamyspil has made the advancement [Getting an Upgrade]
[01:51:05] [Server thread/INFO]: arthymas was slain by Creamyspil
[01:53:04] [Server thread/INFO]: islanzadiy was shot by Skeleton
[01:53:20] [Server thread/INFO]: [chooolz: Set the time to 1800]
[01:53:25] [Server thread/INFO]: [chooolz: Teleported islanzadiy to chooolz]
[01:53:25] [Server thread/WARN]: islanzadiy moved too quickly! -38.106038772605515,-1.1767592750642422,-80.21489809284802
[01:53:25] [Server thread/WARN]: islanzadiy moved too quickly! -38.106038772605515,-1.1767592750642422,-80.21489809284802
[01:53:51] [Server thread/INFO]: chooolz has made the advancement [Monster Hunter]
[01:57:14] [Server thread/INFO]: chooolz has made the advancement [Acquire Hardware]
[01:58:00] [Server thread/INFO]: islanzadiy has made the advancement [Getting an Upgrade]
[01:58:16] [Server thread/INFO]: chooolz has made the advancement [Isn't It Iron Pick]
[01:58:49] [Server thread/INFO]: islanzadiy has made the advancement [Isn't It Iron Pick]
[02:02:20] [Server thread/INFO]: [chooolz: Set the time to 1800]
[02:03:46] [User Authenticator #5/INFO]: UUID of player Admiral_Sponge is 7c54c4ae-2eaa-45eb-89f6-a210161d5784
[02:03:46] [Server thread/INFO]: Admiral_Sponge[/26.201.248.11:56743] logged in with entity id 9110 at (-36.5, 80.0, 14.5)
[02:03:46] [Server thread/INFO]: Admiral_Sponge joined the game
[02:03:57] [Server thread/INFO]: chooolz has made the advancement [Best Friends Forever]
[02:06:16] [Server thread/INFO]: arthymas fell from a high place
[02:06:19] [Server thread/WARN]: arthymas moved too quickly! -13.764317813539463,-4.0,16.187871945344675
[02:06:55] [Server thread/INFO]: arthymas has made the advancement [Getting an Upgrade]
[02:09:24] [Server thread/INFO]: Creamyspil fell from a high place
[02:11:15] [Server thread/INFO]: [chooolz: Set the time to 1800]
[02:11:44] [Server thread/INFO]: Admiral_Sponge lost connection: Disconnected
[02:11:44] [Server thread/INFO]: Admiral_Sponge left the game
[02:13:37] [Server thread/INFO]: Creamyspil was slain by Wolf
[02:14:15] [User Authenticator #6/INFO]: UUID of player Admiral_Sponge is 7c54c4ae-2eaa-45eb-89f6-a210161d5784
[02:14:15] [Server thread/INFO]: Admiral_Sponge[/26.201.248.11:56984] logged in with entity id 11981 at (-18.803844701541927, 84.0, 12.028266926193284)
[02:14:15] [Server thread/INFO]: Admiral_Sponge joined the game
[02:19:53] [Server thread/INFO]: [chooolz: Set the time to 1800]
[02:25:29] [Server thread/INFO]: Admiral_Sponge has made the advancement [Stone Age]
[02:28:39] [Server thread/INFO]: Admiral_Sponge has made the advancement [Getting an Upgrade]
[02:31:22] [Server thread/INFO]: [chooolz: Set the time to 1800]
[02:31:45] [Server thread/INFO]: arthymas has made the advancement [Monster Hunter]
[02:36:36] [Server thread/INFO]: Admiral_Sponge has made the advancement [Acquire Hardware]
[02:37:33] [Server thread/INFO]: Admiral_Sponge has made the advancement [Suit Up]
[02:37:43] [Server thread/INFO]: chooolz has made the advancement [Suit Up]
[02:39:15] [Server thread/INFO]: Creamyspil hit the ground too hard
[02:45:56] [Server thread/INFO]: Admiral_Sponge has made the advancement [Monster Hunter]
[02:46:40] [Server thread/INFO]: islanzadiy has made the advancement [Sweet Dreams]
[02:47:49] [Server thread/INFO]: arthymas was slain by Phantom
[02:56:34] [Server thread/INFO]: Creamyspil fell from a high place
[03:04:58] [Server thread/INFO]: Creamyspil was blown up by Creeper
[03:06:37] [Server thread/INFO]: Creamyspil lost connection: Disconnected
[03:06:37] [Server thread/INFO]: Creamyspil left the game
[03:09:30] [Server thread/INFO]: Admiral_Sponge has made the advancement [Not Today, Thank You]
[03:15:59] [Server thread/INFO]: islanzadiy has made the advancement [Not Today, Thank You]
[03:16:04] [Server thread/INFO]: islanzadiy has made the advancement [Monster Hunter]
[03:22:13] [Server thread/INFO]: arthymas was slain by Phantom
[03:24:08] [Server thread/INFO]: islanzadiy was blown up by Creeper
[03:24:42] [Server thread/INFO]: Admiral_Sponge has made the advancement [Isn't It Iron Pick]
[03:38:55] [Server thread/INFO]: islanzadiy has made the advancement [Acquire Hardware]
[03:43:15] [Server thread/INFO]: Admiral_Sponge has made the advancement [A Seedy Place]
[03:48:41] [Server thread/INFO]: Admiral_Sponge was shot by Skeleton
[03:49:12] [Server thread/INFO]: Admiral_Sponge was shot by Skeleton
[03:49:26] [Server thread/WARN]: Admiral_Sponge moved too quickly! -7.389724566442318,0.24918707874468282,-7.092641603759063
[03:54:27] [Server thread/INFO]: chooolz has made the advancement [A Seedy Place]
[03:56:53] [Server thread/INFO]: islanzadiy has made the advancement [A Seedy Place]
[04:00:46] [Server thread/INFO]: islanzadiy has made the advancement [Best Friends Forever]
[04:02:27] [Server thread/INFO]: chooolz has made the advancement [Sweet Dreams]
[04:15:45] [Server thread/INFO]: arthymas lost connection: Disconnected
[04:15:45] [Server thread/INFO]: arthymas left the game
[04:16:34] [Server thread/INFO]: Admiral_Sponge lost connection: Disconnected
[04:16:34] [Server thread/INFO]: Admiral_Sponge left the game
[04:16:35] [Server thread/INFO]: chooolz lost connection: Disconnected
[04:16:35] [Server thread/INFO]: chooolz left the game
[04:17:31] [Server thread/INFO]: islanzadiy lost connection: Disconnected
[04:17:31] [Server thread/INFO]: islanzadiy left the game
